23:30:36:  'bootRun' を実行中...

> Task :compileJava
> Task :processResources
> Task :classes
> Task :resolveMainClassName

> Task :bootRun

  .   ____          _            __ _ _
 /\\ / ___'_ __ _ _(_)_ __  __ _ \ \ \ \
( ( )\___ | '_ | '_| | '_ \/ _` | \ \ \ \
 \\/  ___)| |_)| | | | | || (_| |  ) ) ) )
  '  |____| .__|_| |_|_| |_\__, | / / / /
 =========|_|==============|___/=/_/_/_/
 :: Spring Boot ::                (v3.2.0)

2023-12-21T23:30:38.134+09:00  INFO 17983 --- [main] c.e.b.BatchProcessingApplication         : Starting BatchProcessingApplication using Java 17.0.9 with PID 17983 (hoge/gs-batch-processing/complete/build/classes/java/main started by takatty in hoge/gs-batch-processing/complete)
2023-12-21T23:30:38.135+09:00  INFO 17983 --- [main] c.e.b.BatchProcessingApplication         : No active profile set, falling back to 1 default profile: "default"
2023-12-21T23:30:38.333+09:00  WARN 17983 --- [main] trationDelegate$BeanPostProcessorChecker : Bean 'org.springframework.boot.autoconfigure.jdbc.DataSourceConfiguration$Hikari' of type [org.springframework.boot.autoconfigure.jdbc.DataSourceConfiguration$Hikari] is not eligible for getting processed by all BeanPostProcessors (for example: not eligible for auto-proxying). Is this bean getting eagerly injected into a currently created BeanPostProcessor [jobRegistryBeanPostProcessor]? Check the corresponding BeanPostProcessor declaration and its dependencies.
2023-12-21T23:30:38.344+09:00  WARN 17983 --- [main] trationDelegate$BeanPostProcessorChecker : Bean 'spring.datasource-org.springframework.boot.autoconfigure.jdbc.DataSourceProperties' of type [org.springframework.boot.autoconfigure.jdbc.DataSourceProperties] is not eligible for getting processed by all BeanPostProcessors (for example: not eligible for auto-proxying). Is this bean getting eagerly injected into a currently created BeanPostProcessor [jobRegistryBeanPostProcessor]? Check the corresponding BeanPostProcessor declaration and its dependencies.
2023-12-21T23:30:38.345+09:00  WARN 17983 --- [main] trationDelegate$BeanPostProcessorChecker : Bean 'org.springframework.boot.autoconfigure.jdbc.DataSourceAutoConfiguration$PooledDataSourceConfiguration' of type [org.springframework.boot.autoconfigure.jdbc.DataSourceAutoConfiguration$PooledDataSourceConfiguration] is not eligible for getting processed by all BeanPostProcessors (for example: not eligible for auto-proxying). Is this bean getting eagerly injected into a currently created BeanPostProcessor [jobRegistryBeanPostProcessor]? Check the corresponding BeanPostProcessor declaration and its dependencies.
2023-12-21T23:30:38.345+09:00  WARN 17983 --- [main] trationDelegate$BeanPostProcessorChecker : Bean 'jdbcConnectionDetails' of type [org.springframework.boot.autoconfigure.jdbc.PropertiesJdbcConnectionDetails] is not eligible for getting processed by all BeanPostProcessors (for example: not eligible for auto-proxying). Is this bean getting eagerly injected into a currently created BeanPostProcessor [jobRegistryBeanPostProcessor]? Check the corresponding BeanPostProcessor declaration and its dependencies.
2023-12-21T23:30:38.356+09:00  WARN 17983 --- [main] trationDelegate$BeanPostProcessorChecker : Bean 'dataSource' of type [com.zaxxer.hikari.HikariDataSource] is not eligible for getting processed by all BeanPostProcessors (for example: not eligible for auto-proxying). Is this bean getting eagerly injected into a currently created BeanPostProcessor [jobRegistryBeanPostProcessor]? Check the corresponding BeanPostProcessor declaration and its dependencies.
2023-12-21T23:30:38.357+09:00  WARN 17983 --- [main] trationDelegate$BeanPostProcessorChecker : Bean 'org.springframework.boot.autoconfigure.jdbc.DataSourceTransactionManagerAutoConfiguration$JdbcTransactionManagerConfiguration' of type [org.springframework.boot.autoconfigure.jdbc.DataSourceTransactionManagerAutoConfiguration$JdbcTransactionManagerConfiguration] is not eligible for getting processed by all BeanPostProcessors (for example: not eligible for auto-proxying). Is this bean getting eagerly injected into a currently created BeanPostProcessor [jobRegistryBeanPostProcessor]? Check the corresponding BeanPostProcessor declaration and its dependencies.
2023-12-21T23:30:38.359+09:00  WARN 17983 --- [main] trationDelegate$BeanPostProcessorChecker : Bean 'org.springframework.boot.autoconfigure.transaction.TransactionManagerCustomizationAutoConfiguration' of type [org.springframework.boot.autoconfigure.transaction.TransactionManagerCustomizationAutoConfiguration] is not eligible for getting processed by all BeanPostProcessors (for example: not eligible for auto-proxying). Is this bean getting eagerly injected into a currently created BeanPostProcessor [jobRegistryBeanPostProcessor]? Check the corresponding BeanPostProcessor declaration and its dependencies.
2023-12-21T23:30:38.360+09:00  WARN 17983 --- [main] trationDelegate$BeanPostProcessorChecker : Bean 'transactionExecutionListeners' of type [org.springframework.boot.autoconfigure.transaction.ExecutionListenersTransactionManagerCustomizer] is not eligible for getting processed by all BeanPostProcessors (for example: not eligible for auto-proxying). Is this bean getting eagerly injected into a currently created BeanPostProcessor [jobRegistryBeanPostProcessor]? Check the corresponding BeanPostProcessor declaration and its dependencies.
2023-12-21T23:30:38.362+09:00  WARN 17983 --- [main] trationDelegate$BeanPostProcessorChecker : Bean 'spring.transaction-org.springframework.boot.autoconfigure.transaction.TransactionProperties' of type [org.springframework.boot.autoconfigure.transaction.TransactionProperties] is not eligible for getting processed by all BeanPostProcessors (for example: not eligible for auto-proxying). Is this bean getting eagerly injected into a currently created BeanPostProcessor [jobRegistryBeanPostProcessor]? Check the corresponding BeanPostProcessor declaration and its dependencies.
2023-12-21T23:30:38.362+09:00  WARN 17983 --- [main] trationDelegate$BeanPostProcessorChecker : Bean 'platformTransactionManagerCustomizers' of type [org.springframework.boot.autoconfigure.transaction.TransactionManagerCustomizers] is not eligible for getting processed by all BeanPostProcessors (for example: not eligible for auto-proxying). Is this bean getting eagerly injected into a currently created BeanPostProcessor [jobRegistryBeanPostProcessor]? Check the corresponding BeanPostProcessor declaration and its dependencies.
2023-12-21T23:30:38.364+09:00  WARN 17983 --- [main] trationDelegate$BeanPostProcessorChecker : Bean 'transactionManager' of type [org.springframework.jdbc.support.JdbcTransactionManager] is not eligible for getting processed by all BeanPostProcessors (for example: not eligible for auto-proxying). Is this bean getting eagerly injected into a currently created BeanPostProcessor [jobRegistryBeanPostProcessor]? Check the corresponding BeanPostProcessor declaration and its dependencies.
2023-12-21T23:30:38.364+09:00  WARN 17983 --- [main] trationDelegate$BeanPostProcessorChecker : Bean 'spring.batch-org.springframework.boot.autoconfigure.batch.BatchProperties' of type [org.springframework.boot.autoconfigure.batch.BatchProperties] is not eligible for getting processed by all BeanPostProcessors (for example: not eligible for auto-proxying). Is this bean getting eagerly injected into a currently created BeanPostProcessor [jobRegistryBeanPostProcessor]? Check the corresponding BeanPostProcessor declaration and its dependencies.
2023-12-21T23:30:38.366+09:00  WARN 17983 --- [main] trationDelegate$BeanPostProcessorChecker : Bean 'org.springframework.boot.autoconfigure.batch.BatchAutoConfiguration$SpringBootBatchConfiguration' of type [org.springframework.boot.autoconfigure.batch.BatchAutoConfiguration$SpringBootBatchConfiguration] is not eligible for getting processed by all BeanPostProcessors (for example: not eligible for auto-proxying). The currently created BeanPostProcessor [jobRegistryBeanPostProcessor] is declared through a non-static factory method on that class; consider declaring it as static instead.
2023-12-21T23:30:38.372+09:00  INFO 17983 --- [main] com.zaxxer.hikari.HikariDataSource       : HikariPool-1 - Starting...
2023-12-21T23:30:38.459+09:00  INFO 17983 --- [main] com.zaxxer.hikari.pool.PoolBase          : HikariPool-1 - Driver does not support get/set network timeout for connections. (feature not supported)
2023-12-21T23:30:38.460+09:00  INFO 17983 --- [main] com.zaxxer.hikari.pool.HikariPool        : HikariPool-1 - Added connection org.hsqldb.jdbc.JDBCConnection@38a1c423
2023-12-21T23:30:38.460+09:00  INFO 17983 --- [main] com.zaxxer.hikari.HikariDataSource       : HikariPool-1 - Start completed.
start reader
start processor
start writer
start step1
start importUserJob
2023-12-21T23:30:38.541+09:00  INFO 17983 --- [main] c.e.b.BatchProcessingApplication         : Started BatchProcessingApplication in 0.516 seconds (process running for 0.625)
2023-12-21T23:30:38.542+09:00  INFO 17983 --- [main] o.s.b.a.b.JobLauncherApplicationRunner   : Running default command line with: []
2023-12-21T23:30:38.553+09:00  INFO 17983 --- [main] o.s.b.c.l.support.SimpleJobLauncher      : Job: [SimpleJob: [name=importUserJob]] launched with the following parameters: [{}]
2023-12-21T23:30:38.560+09:00  INFO 17983 --- [main] o.s.batch.core.job.SimpleStepHandler     : Executing step: [step1]
start process
2023-12-21T23:30:38.566+09:00  INFO 17983 --- [main] c.e.batchprocessing.PersonItemProcessor  : Converting (Person[firstName=Jill, lastName=Doe]) into (Person[firstName=JILL, lastName=DOE])
start process
2023-12-21T23:30:38.566+09:00  INFO 17983 --- [main] c.e.batchprocessing.PersonItemProcessor  : Converting (Person[firstName=Joe, lastName=Doe]) into (Person[firstName=JOE, lastName=DOE])
start process
2023-12-21T23:30:38.566+09:00  INFO 17983 --- [main] c.e.batchprocessing.PersonItemProcessor  : Converting (Person[firstName=Justin, lastName=Doe]) into (Person[firstName=JUSTIN, lastName=DOE])
start process
2023-12-21T23:30:38.569+09:00  INFO 17983 --- [main] c.e.batchprocessing.PersonItemProcessor  : Converting (Person[firstName=Jane, lastName=Doe]) into (Person[firstName=JANE, lastName=DOE])
start process
2023-12-21T23:30:38.569+09:00  INFO 17983 --- [main] c.e.batchprocessing.PersonItemProcessor  : Converting (Person[firstName=John, lastName=Doe]) into (Person[firstName=JOHN, lastName=DOE])
2023-12-21T23:30:38.571+09:00  INFO 17983 --- [main] o.s.batch.core.step.AbstractStep         : Step: [step1] executed in 10ms
2023-12-21T23:30:38.572+09:00  INFO 17983 --- [main] c.e.b.JobCompletionNotificationListener  : !!! JOB FINISHED! Time to verify the results
2023-12-21T23:30:38.573+09:00  INFO 17983 --- [main] c.e.b.JobCompletionNotificationListener  : Found <{Person[firstName=JILL, lastName=DOE]}> in the database.
2023-12-21T23:30:38.573+09:00  INFO 17983 --- [main] c.e.b.JobCompletionNotificationListener  : Found <{Person[firstName=JOE, lastName=DOE]}> in the database.
2023-12-21T23:30:38.573+09:00  INFO 17983 --- [main] c.e.b.JobCompletionNotificationListener  : Found <{Person[firstName=JUSTIN, lastName=DOE]}> in the database.
2023-12-21T23:30:38.573+09:00  INFO 17983 --- [main] c.e.b.JobCompletionNotificationListener  : Found <{Person[firstName=JANE, lastName=DOE]}> in the database.
2023-12-21T23:30:38.573+09:00  INFO 17983 --- [main] c.e.b.JobCompletionNotificationListener  : Found <{Person[firstName=JOHN, lastName=DOE]}> in the database.
2023-12-21T23:30:38.577+09:00  INFO 17983 --- [main] o.s.b.c.l.support.SimpleJobLauncher      : Job: [SimpleJob: [name=importUserJob]] completed with the following parameters: [{}] and the following status: [COMPLETED] in 15ms
2023-12-21T23:30:38.578+09:00  INFO 17983 --- [main] com.zaxxer.hikari.HikariDataSource       : HikariPool-1 - Shutdown initiated...
2023-12-21T23:30:38.589+09:00  INFO 17983 --- [main] com.zaxxer.hikari.HikariDataSource       : HikariPool-1 - Shutdown completed.

BUILD SUCCESSFUL in 2s
4 actionable tasks: 4 executed
23:30:38:  'bootRun' の実行を完了しました。
